<?xml version="1.0" encoding="UTF-8"?>
<!-- Generated by org.testng.reporters.JUnitReportReporter -->
<testsuite hostname="DESKTOP-GEMRENE" name="com.qa.test.GetAPITest" tests="1" failures="0" timestamp="14 Jun 2019 15:17:57 GMT" time="3.460" errors="0">
  <testcase name="getTest" time="3.460" classname="com.qa.test.GetAPITest"/>
</testsuite> <!-- com.qa.test.GetAPITest -->
